# JRE version: Java(TM) SE Runtime Environment (8.0_241-b07) (build 1.8.0_241-b07)
# Java VM: Java HotSpot(TM) 64-Bit Server VM (25.241-b07 mixed mode windows-amd64 compressed oops)
Heap:
 PSYoungGen      total 214016K, used 59775K [0x00000000eb200000, 0x00000000f9280000, 0x0000000100000000)
  eden space 203776K, 24% used [0x00000000eb200000,0x00000000ee264bd0,0x00000000f7900000)
  from space 10240K, 99% used [0x00000000f8880000,0x00000000f927b0c0,0x00000000f9280000)
  to   space 12288K, 0% used [0x00000000f7a80000,0x00000000f7a80000,0x00000000f8680000)
 ParOldGen       total 33280K, used 17955K [0x00000000c1600000, 0x00000000c3680000, 0x00000000eb200000)
  object space 33280K, 53% used [0x00000000c1600000,0x00000000c2788da0,0x00000000c3680000)
 Metaspace       used 42952K, capacity 45419K, committed 45568K, reserved 1089536K
  class space    used 5918K, capacity 6379K, committed 6400K, reserved 1048576K
GC Heap History (10 events):
Event: 12.724 GC heap before
{Heap before GC invocations=10 (full 1):
 PSYoungGen      total 115712K, used 115378K [0x00000000eb200000, 0x00000000f3c80000, 0x0000000100000000)
  eden space 110080K, 100% used [0x00000000eb200000,0x00000000f1d80000,0x00000000f1d80000)
  from space 5632K, 94% used [0x00000000f3700000,0x00000000f3c2cba8,0x00000000f3c80000)
  to   space 6144K, 0% used [0x00000000f3080000,0x00000000f3080000,0x00000000f3680000)
 ParOldGen       total 33280K, used 9399K [0x00000000c1600000, 0x00000000c3680000, 0x00000000eb200000)
  object space 33280K, 28% used [0x00000000c1600000,0x00000000c1f2dc20,0x00000000c3680000)
 Metaspace       used 24985K, capacity 26105K, committed 26240K, reserved 1071104K
  class space    used 3403K, capacity 3641K, committed 3712K, reserved 1048576K
Event: 12.742 GC heap after
Heap after GC invocations=10 (full 1):
 PSYoungGen      total 135680K, used 6130K [0x00000000eb200000, 0x00000000f5700000, 0x0000000100000000)
  eden space 129536K, 0% used [0x00000000eb200000,0x00000000eb200000,0x00000000f3080000)
  from space 6144K, 99% used [0x00000000f3080000,0x00000000f367c838,0x00000000f3680000)
  to   space 7680K, 0% used [0x00000000f4f80000,0x00000000f4f80000,0x00000000f5700000)
 ParOldGen       total 33280K, used 11195K [0x00000000c1600000, 0x00000000c3680000, 0x00000000eb200000)
  object space 33280K, 33% used [0x00000000c1600000,0x00000000c20eef30,0x00000000c3680000)
 Metaspace       used 24985K, capacity 26105K, committed 26240K, reserved 1071104K
  class space    used 3403K, capacity 3641K, committed 3712K, reserved 1048576K
}
Event: 14.581 GC heap before
{Heap before GC invocations=11 (full 1):
 PSYoungGen      total 135680K, used 135666K [0x00000000eb200000, 0x00000000f5700000, 0x0000000100000000)
  eden space 129536K, 100% used [0x00000000eb200000,0x00000000f3080000,0x00000000f3080000)
  from space 6144K, 99% used [0x00000000f3080000,0x00000000f367c838,0x00000000f3680000)
  to   space 7680K, 0% used [0x00000000f4f80000,0x00000000f4f80000,0x00000000f5700000)
 ParOldGen       total 33280K, used 11195K [0x00000000c1600000, 0x00000000c3680000, 0x00000000eb200000)
  object space 33280K, 33% used [0x00000000c1600000,0x00000000c20eef30,0x00000000c3680000)
 Metaspace       used 30790K, capacity 32563K, committed 32768K, reserved 1077248K
  class space    used 4195K, capacity 4542K, committed 4608K, reserved 1048576K
Event: 14.635 GC heap after
Heap after GC invocations=11 (full 1):
 PSYoungGen      total 158720K, used 7662K [0x00000000eb200000, 0x00000000f7680000, 0x0000000100000000)
  eden space 151040K, 0% used [0x00000000eb200000,0x00000000eb200000,0x00000000f4580000)
  from space 7680K, 99% used [0x00000000f4f80000,0x00000000f56fbb88,0x00000000f5700000)
  to   space 10240K, 0% used [0x00000000f4580000,0x00000000f4580000,0x00000000f4f80000)
 ParOldGen       total 33280K, used 15884K [0x00000000c1600000, 0x00000000c3680000, 0x00000000eb200000)
  object space 33280K, 47% used [0x00000000c1600000,0x00000000c2583160,0x00000000c3680000)
 Metaspace       used 30790K, capacity 32563K, committed 32768K, reserved 1077248K
  class space    used 4195K, capacity 4542K, committed 4608K, reserved 1048576K
}
Event: 15.203 GC heap before
{Heap before GC invocations=12 (full 1):
 PSYoungGen      total 158720K, used 56417K [0x00000000eb200000, 0x00000000f7680000, 0x0000000100000000)
  eden space 151040K, 32% used [0x00000000eb200000,0x00000000ee19ca20,0x00000000f4580000)
  from space 7680K, 99% used [0x00000000f4f80000,0x00000000f56fbb88,0x00000000f5700000)
  to   space 10240K, 0% used [0x00000000f4580000,0x00000000f4580000,0x00000000f4f80000)
 ParOldGen       total 33280K, used 15884K [0x00000000c1600000, 0x00000000c3680000, 0x00000000eb200000)
  object space 33280K, 47% used [0x00000000c1600000,0x00000000c2583160,0x00000000c3680000)
 Metaspace       used 33535K, capacity 35371K, committed 35456K, reserved 1079296K
  class space    used 4574K, capacity 4940K, committed 4992K, reserved 1048576K
Event: 15.216 GC heap after
Heap after GC invocations=12 (full 1):
 PSYoungGen      total 161280K, used 3698K [0x00000000eb200000, 0x00000000f9280000, 0x0000000100000000)
  eden space 151040K, 0% used [0x00000000eb200000,0x00000000eb200000,0x00000000f4580000)
  from space 10240K, 36% used [0x00000000f4580000,0x00000000f491ca08,0x00000000f4f80000)
  to   space 10240K, 0% used [0x00000000f8880000,0x00000000f8880000,0x00000000f9280000)
 ParOldGen       total 33280K, used 21605K [0x00000000c1600000, 0x00000000c3680000, 0x00000000eb200000)
  object space 33280K, 64% used [0x00000000c1600000,0x00000000c2b19580,0x00000000c3680000)
 Metaspace       used 33535K, capacity 35371K, committed 35456K, reserved 1079296K
  class space    used 4574K, capacity 4940K, committed 4992K, reserved 1048576K
}
Event: 15.216 GC heap before
{Heap before GC invocations=13 (full 2):
 PSYoungGen      total 161280K, used 3698K [0x00000000eb200000, 0x00000000f9280000, 0x0000000100000000)
  eden space 151040K, 0% used [0x00000000eb200000,0x00000000eb200000,0x00000000f4580000)
  from space 10240K, 36% used [0x00000000f4580000,0x00000000f491ca08,0x00000000f4f80000)
  to   space 10240K, 0% used [0x00000000f8880000,0x00000000f8880000,0x00000000f9280000)
 ParOldGen       total 33280K, used 21605K [0x00000000c1600000, 0x00000000c3680000, 0x00000000eb200000)
  object space 33280K, 64% used [0x00000000c1600000,0x00000000c2b19580,0x00000000c3680000)
 Metaspace       used 33535K, capacity 35371K, committed 35456K, reserved 1079296K
  class space    used 4574K, capacity 4940K, committed 4992K, reserved 1048576K
Event: 15.312 GC heap after
Heap after GC invocations=13 (full 2):
 PSYoungGen      total 161280K, used 0K [0x00000000eb200000, 0x00000000f9280000, 0x0000000100000000)
  eden space 151040K, 0% used [0x00000000eb200000,0x00000000eb200000,0x00000000f4580000)
  from space 10240K, 0% used [0x00000000f4580000,0x00000000f4580000,0x00000000f4f80000)
  to   space 10240K, 0% used [0x00000000f8880000,0x00000000f8880000,0x00000000f9280000)
 ParOldGen       total 33280K, used 16049K [0x00000000c1600000, 0x00000000c3680000, 0x00000000eb200000)
  object space 33280K, 48% used [0x00000000c1600000,0x00000000c25ac518,0x00000000c3680000)
 Metaspace       used 33535K, capacity 35371K, committed 35456K, reserved 1079296K
  class space    used 4574K, capacity 4940K, committed 4992K, reserved 1048576K
}
Event: 17.501 GC heap before
{Heap before GC invocations=14 (full 2):
 PSYoungGen      total 161280K, used 151040K [0x00000000eb200000, 0x00000000f9280000, 0x0000000100000000)
  eden space 151040K, 100% used [0x00000000eb200000,0x00000000f4580000,0x00000000f4580000)
  from space 10240K, 0% used [0x00000000f4580000,0x00000000f4580000,0x00000000f4f80000)
  to   space 10240K, 0% used [0x00000000f8880000,0x00000000f8880000,0x00000000f9280000)
 ParOldGen       total 33280K, used 16049K [0x00000000c1600000, 0x00000000c3680000, 0x00000000eb200000)
  object space 33280K, 48% used [0x00000000c1600000,0x00000000c25ac518,0x00000000c3680000)
 Metaspace       used 40871K, capacity 43253K, committed 43520K, reserved 1087488K
  class space    used 5582K, capacity 6036K, committed 6144K, reserved 1048576K
Event: 17.519 GC heap after
Heap after GC invocations=14 (full 2):
 PSYoungGen      total 214016K, used 10220K [0x00000000eb200000, 0x00000000f9280000, 0x0000000100000000)
  eden space 203776K, 0% used [0x00000000eb200000,0x00000000eb200000,0x00000000f7900000)
  from space 10240K, 99% used [0x00000000f8880000,0x00000000f927b0c0,0x00000000f9280000)
  to   space 12288K, 0% used [0x00000000f7a80000,0x00000000f7a80000,0x00000000f8680000)
 ParOldGen       total 33280K, used 17955K [0x00000000c1600000, 0x00000000c3680000, 0x00000000eb200000)
  object space 33280K, 53% used [0x00000000c1600000,0x00000000c2788da0,0x00000000c3680000)
 Metaspace       used 40871K, capacity 43253K, committed 43520K, reserved 1087488K
  class space    used 5582K, capacity 6036K, committed 6144K, reserved 1048576K
}

